<?xml version="1.0" encoding="UTF-8"?>
<!-- Generated by org.testng.reporters.JUnitXMLReporter -->
<testsuite hostname="DESKTOP-QBO3JRR" ignored="0" name="Default test" tests="4" failures="0" timestamp="2023-01-27T20:42:44 EST" time="21.446" errors="0">
  <testcase name="getToDoList_001" time="0.497" classname="testcases.ToDoTest"/>
  <testcase name="getToDoListItems_002" time="0.089" classname="testcases.ToDoTest"/>
  <testcase name="getToDoListCount_003" time="2.164" classname="testcases.ToDoTest"/>
  <testcase name="clearToDoList_004" time="15.094" classname="testcases.ToDoTest"/>
</testsuite> <!-- Default test -->
