<?xml version="1.0" encoding="UTF-8"?>
<!-- Generated by org.testng.reporters.JUnitXMLReporter -->
<testsuite hostname="DESKTOP-QBO3JRR" ignored="0" name="Default test" tests="4" failures="0" timestamp="2023-01-27T21:56:18 EST" time="21.6" errors="0">
  <testcase name="createToDoList_001" time="0.526" classname="testcases.ToDoTest"/>
  <testcase name="getToDoListItems_002" time="0.095" classname="testcases.ToDoTest"/>
  <testcase name="getToDoListCount_003" time="2.172" classname="testcases.ToDoTest"/>
  <testcase name="clearToDoList_004" time="15.087" classname="testcases.ToDoTest"/>
</testsuite> <!-- Default test -->
